0 info it worked if it ends with ok
1 verbose cli [ 'C:\\Program Files\\nodejs\\node.exe',
1 verbose cli   'C:\\Program Files\\nodejs\\node_modules\\npm\\bin\\npm-cli.js',
1 verbose cli   'run',
1 verbose cli   'compile' ]
2 info using npm@3.10.10
3 info using node@v6.9.3
4 verbose run-script [ 'precompile', 'compile', 'postcompile' ]
5 info lifecycle sketch1@1.0.0~precompile: sketch1@1.0.0
6 silly lifecycle sketch1@1.0.0~precompile: no script for precompile, continuing
7 info lifecycle sketch1@1.0.0~compile: sketch1@1.0.0
8 verbose lifecycle sketch1@1.0.0~compile: unsafe-perm in lifecycle true
9 verbose lifecycle sketch1@1.0.0~compile: PATH: C:\Program Files\nodejs\node_modules\npm\bin\node-gyp-bin;C:\Programmierung\p5.js\Sketch_ts1\node_modules\.bin;C:\Program Files\nodejs\node_modules\npm\bin\node-gyp-bin;C:\Programmierung\p5.js\Sketch_ts1\node_modules\.bin;C:\Program Files (x86)\NVIDIA Corporation\PhysX\Common;C:\ProgramData\Oracle\Java\javapath;C:\Program Files (x86)\Intel\iCLS Client\;C:\Program Files\Intel\iCLS Client\;C:\WINDOWS\system32;C:\WINDOWS;C:\WINDOWS\System32\Wbem;C:\WINDOWS\System32\WindowsPowerShell\v1.0\;C:\Program Files (x86)\ATI Technologies\ATI.ACE\Core-Static;C:\Program Files\Intel\Intel(R) Management Engine Components\DAL;C:\Program Files\Intel\Intel(R) Management Engine Components\IPT;C:\Program Files (x86)\Intel\Intel(R) Management Engine Components\DAL;C:\Program Files (x86)\Intel\Intel(R) Management Engine Components\IPT;C:\Program Files\Microsoft SQL Server\110\Tools\Binn\;C:\Program Files\Microsoft SQL Server\120\Tools\Binn\;C:\Program Files (x86)\Skype\Phone\;C:\Program Files\Microsoft\Web Platform Installer\;C:\Program Files\Microsoft SQL Server\130\Tools\Binn\;C:\Program Files\Git\cmd;C:\Program Files\dotnet\;C:\Program Files (x86)\Windows Kits\10\Windows Performance Toolkit\;C:\Python27;C:\Program Files\nodejs\;C:\Program Files (x86)\Microsoft VS Code\bin;C:\Downloads\ffmpeg\ffmpeg-20151211-git-df2ce13-win64-static\bin;C:\Program Files\Git\cmd;C:\Users\derfr_000\AppData\Local\atom\bin;C:\Users\derfr_000\AppData\Local\Microsoft\WindowsApps;C:\Python27\;C:\Python27\Lib\;C:\Python27\Lib\site-packages\;C:\Users\derfr_000\AppData\Roaming\npm
10 verbose lifecycle sketch1@1.0.0~compile: CWD: C:\Programmierung\p5.js\Sketch_ts1
11 silly lifecycle sketch1@1.0.0~compile: Args: [ '/d /s /c', 'tsc' ]
12 silly lifecycle sketch1@1.0.0~compile: Returned: code: 1  signal: null
13 info lifecycle sketch1@1.0.0~compile: Failed to exec compile script
14 verbose stack Error: sketch1@1.0.0 compile: `tsc`
14 verbose stack Exit status 1
14 verbose stack     at EventEmitter.<anonymous> (C:\Program Files\nodejs\node_modules\npm\lib\utils\lifecycle.js:255:16)
14 verbose stack     at emitTwo (events.js:106:13)
14 verbose stack     at EventEmitter.emit (events.js:191:7)
14 verbose stack     at ChildProcess.<anonymous> (C:\Program Files\nodejs\node_modules\npm\lib\utils\spawn.js:40:14)
14 verbose stack     at emitTwo (events.js:106:13)
14 verbose stack     at ChildProcess.emit (events.js:191:7)
14 verbose stack     at maybeClose (internal/child_process.js:877:16)
14 verbose stack     at Process.ChildProcess._handle.onexit (internal/child_process.js:226:5)
15 verbose pkgid sketch1@1.0.0
16 verbose cwd C:\Programmierung\p5.js\Sketch_ts1
17 error Windows_NT 10.0.14393
18 error argv "C:\\Program Files\\nodejs\\node.exe" "C:\\Program Files\\nodejs\\node_modules\\npm\\bin\\npm-cli.js" "run" "compile"
19 error node v6.9.3
20 error npm  v3.10.10
21 error code ELIFECYCLE
22 error sketch1@1.0.0 compile: `tsc`
22 error Exit status 1
23 error Failed at the sketch1@1.0.0 compile script 'tsc'.
23 error Make sure you have the latest version of node.js and npm installed.
23 error If you do, this is most likely a problem with the sketch1 package,
23 error not with npm itself.
23 error Tell the author that this fails on your system:
23 error     tsc
23 error You can get information on how to open an issue for this project with:
23 error     npm bugs sketch1
23 error Or if that isn't available, you can get their info via:
23 error     npm owner ls sketch1
23 error There is likely additional logging output above.
24 verbose exit [ 1, true ]
